<?xml version="1.0" encoding="UTF-8"?>
<!-- Generated by org.testng.reporters.JUnitReportReporter -->
<testsuite hostname="DESKTOP-5Q34GD6" failures="0" tests="3" name="Tests.TestExample3" time="3.832" errors="0" timestamp="2022-05-28T11:08:56 IDT" skipped="0">
  <testcase classname="Tests.TestExample3" name="test_2" time="0.367"/>
  <system-out/>
  <testcase classname="Tests.TestExample3" name="test_3" time="0.330"/>
  <system-out/>
  <testcase classname="Tests.TestExample3" name="test_1" time="3.135"/>
  <system-out/>
</testsuite> <!-- Tests.TestExample3 -->
