<?xml version="1.0" encoding="UTF-8"?>
<!-- Generated by org.testng.reporters.JUnitReportReporter -->
<testsuite hostname="DESKTOP-5Q34GD6" failures="0" tests="1" name="Tests.GetandPostExamples" time="7.367" errors="0" timestamp="2022-05-27T02:00:07 IDT" skipped="0">
  <testcase classname="Tests.GetandPostExamples" name="test_3" time="7.367"/>
  <system-out/>
</testsuite> <!-- Tests.GetandPostExamples -->
